[backblue.gif]
[fade.gif]
[index.html]
[tectonic.kaijuthemes.com/assets/demo/avatar/avatar_01.png]
[tectonic.kaijuthemes.com/assets/demo/avatar/avatar_09.png]
[tectonic.kaijuthemes.com/assets/demo/avatar/avatar_03.png]
[tectonic.kaijuthemes.com/assets/demo/avatar/avatar_02.png]
[tectonic.kaijuthemes.com/assets/img/logo-dark.png]
[tectonic.kaijuthemes.com/assets/demo/avatar/avatar_04.png]
[tectonic.kaijuthemes.com/assets/demo/avatar/avatar_05.png]
[tectonic.kaijuthemes.com/assets/demo/avatar/avatar_06.png]
[tectonic.kaijuthemes.com/assets/demo/avatar/avatar_07.png]
[tectonic.kaijuthemes.com/assets/js/jquery-1.10.2.min.js]
[tectonic.kaijuthemes.com/assets/js/jqueryui-1.9.2.min.js]
[tectonic.kaijuthemes.com/assets/js/bootstrap.min.js]
[tectonic.kaijuthemes.com/assets/plugins/easypiechart/jquery.easypiechart.js]
[tectonic.kaijuthemes.com/assets/plugins/sparklines/jquery.sparklines.min.js]
[tectonic.kaijuthemes.com/assets/plugins/jstree/dist/jstree.min.js]
[tectonic.kaijuthemes.com/assets/plugins/codeprettifier/prettify.js]
[tectonic.kaijuthemes.com/assets/plugins/bootstrap-switch/bootstrap-switch.js]
[tectonic.kaijuthemes.com/assets/plugins/bootstrap-tabdrop/js/bootstrap-tabdrop.js]
[tectonic.kaijuthemes.com/assets/plugins/iCheck/icheck.min.js]
[tectonic.kaijuthemes.com/assets/js/enquire.min.js]
[tectonic.kaijuthemes.com/assets/plugins/bootbox/bootbox.js]
[tectonic.kaijuthemes.com/assets/plugins/nanoScroller/js/jquery.nanoscroller.min.js]
[tectonic.kaijuthemes.com/assets/plugins/jquery-mousewheel/jquery.mousewheel.min.js]
[tectonic.kaijuthemes.com/assets/js/application.js]
[tectonic.kaijuthemes.com/assets/demo/demo.js]
[tectonic.kaijuthemes.com/assets/demo/demo-switcher.js]
[tectonic.kaijuthemes.com/assets/plugins/pulsate/jQuery.pulsate.min.js]
[tectonic.kaijuthemes.com/assets/plugins/localisation/js/jquery.localize.min.js]
[tectonic.kaijuthemes.com/assets/plugins/localisation/js/demo-localisation.js]
[tectonic.kaijuthemes.com/assets/demo/demo-jqueryui.js]
[tectonic.kaijuthemes.com/assets/plugins/switchery/switchery.js]
[tectonic.kaijuthemes.com/assets/plugins/wijets/wijets.js]
[tectonic.kaijuthemes.com/assets/plugins/charts-chartistjs/chartist.min.js]
[tectonic.kaijuthemes.com/assets/plugins/charts-chartistjs/chartist-plugin-tooltip.js]
[tectonic.kaijuthemes.com/assets/plugins/easypiechart/jquery.easypiechart.min.js]
[tectonic.kaijuthemes.com/assets/plugins/jQuery-Mapael/js/raphael/raphael-min.js]
[tectonic.kaijuthemes.com/assets/plugins/jQuery-Mapael/js/jquery.mapael.js]
[tectonic.kaijuthemes.com/assets/plugins/jQuery-Mapael/js/maps/world_countries.js]
[tectonic.kaijuthemes.com/assets/plugins/knob/jquery.knob.min.js]
[tectonic.kaijuthemes.com/assets/demo/demo-index.js]
[tectonic.kaijuthemes.com/assets/demo/demo-index-map.js]
[tectonic.kaijuthemes.com/assets/js/echarts.js]
[tectonic.kaijuthemes.com/assets/plugins/charts-flot/jquery.flot.min.js]
[tectonic.kaijuthemes.com/assets/plugins/charts-flot/jquery.flot.stack.min.js]
[tectonic.kaijuthemes.com/assets/plugins/charts-flot/jquery.flot.pie.min.js]
[tectonic.kaijuthemes.com/assets/plugins/charts-flot/jquery.flot.orderBars.min.js]
[tectonic.kaijuthemes.com/assets/plugins/charts-flot/jquery.flot.resize.js]
[tectonic.kaijuthemes.com/assets/plugins/charts-flot/jquery.flot.tooltip.min.js]
[tectonic.kaijuthemes.com/assets/plugins/charts-chartjs/Chart.min.js]
[tectonic.kaijuthemes.com/assets/plugins/form-daterangepicker/moment.min.js]
[tectonic.kaijuthemes.com/assets/plugins/form-daterangepicker/daterangepicker.js]
[tectonic.kaijuthemes.com/index.html]
[tectonic.kaijuthemes.com/assets/fonts/font-awesome/fonts/fontawesome-webfont78ce.eot]
[tectonic.kaijuthemes.com/assets/fonts/font-awesome/fonts/fontawesome-webfontd41d.eot]
[tectonic.kaijuthemes.com/assets/fonts/font-awesome/fonts/fontawesome-webfont78ce.woff]
[tectonic.kaijuthemes.com/assets/fonts/font-awesome/fonts/fontawesome-webfont78ce.ttf]
[tectonic.kaijuthemes.com/assets/fonts/font-awesome/css/font-awesome.min.css]
[tectonic.kaijuthemes.com/assets/fonts/ionicons/fonts/ionicons28b5.eot]
[tectonic.kaijuthemes.com/assets/fonts/ionicons/fonts/ionicons28b5.ttf]
[tectonic.kaijuthemes.com/assets/fonts/ionicons/fonts/ionicons28b5.woff]
[tectonic.kaijuthemes.com/assets/fonts/ionicons/css/ionicons.css]
[tectonic.kaijuthemes.com/assets/fonts/elegant-icons/fonts/ElegantIcons.eot]
[tectonic.kaijuthemes.com/assets/fonts/elegant-icons/fonts/ElegantIcons.woff]
[tectonic.kaijuthemes.com/assets/fonts/elegant-icons/fonts/ElegantIconsd41d.eot]
[tectonic.kaijuthemes.com/assets/fonts/elegant-icons/fonts/ElegantIcons.ttf]
[tectonic.kaijuthemes.com/assets/fonts/elegant-icons/css/style.css]
[tectonic.kaijuthemes.com/assets/demo/images/nature_river.jpg]
[tectonic.kaijuthemes.com/assets/demo/stockphoto/kijil.jpg]
[tectonic.kaijuthemes.com/assets/demo/stockphoto/ajul.jpg]
[tectonic.kaijuthemes.com/assets/fonts/artill/artill_clean_icons-webfont.eot]
[tectonic.kaijuthemes.com/assets/fonts/artill/artill_clean_icons-webfontd41d.eot]
[tectonic.kaijuthemes.com/assets/fonts/artill/artill_clean_icons-webfont.woff]
[tectonic.kaijuthemes.com/assets/fonts/artill/artill_clean_icons-webfont.ttf]
[tectonic.kaijuthemes.com/assets/img/patterns/brickwall.png]
[tectonic.kaijuthemes.com/assets/img/patterns/dark_stripes.png]
[tectonic.kaijuthemes.com/assets/img/patterns/rockywall.png]
[tectonic.kaijuthemes.com/assets/img/patterns/subtle_carbon.png]
[tectonic.kaijuthemes.com/assets/img/patterns/tweed.png]
[tectonic.kaijuthemes.com/assets/img/patterns/vertical_cloth.png]
[tectonic.kaijuthemes.com/assets/img/patterns/grey_wash_wall.png]
[tectonic.kaijuthemes.com/assets/img/patterns/pw_maze_black.png]
[tectonic.kaijuthemes.com/assets/img/patterns/wild_oliva.png]
[tectonic.kaijuthemes.com/assets/img/patterns/stressed_linen.png]
[tectonic.kaijuthemes.com/assets/img/patterns/sos.png]
[tectonic.kaijuthemes.com/assets/img/leftbar-dots.png]
[tectonic.kaijuthemes.com/assets/css/styles.css]
[tectonic.kaijuthemes.com/assets/plugins/codeprettifier/prettify.css]
[tectonic.kaijuthemes.com/assets/plugins/iCheck/skins/minimal/blue.png]
[tectonic.kaijuthemes.com/assets/plugins/iCheck/skins/minimal/blue@2x.png]
[tectonic.kaijuthemes.com/assets/plugins/iCheck/skins/minimal/blue.css]
[tectonic.kaijuthemes.com/assets/plugins/wijets/wijets.css]
[tectonic.kaijuthemes.com/assets/js/images/animated-overlay.gif]
[tectonic.kaijuthemes.com/assets/js/images/ui-bg_flat_0_ffffff_40x100.png]
[tectonic.kaijuthemes.com/assets/js/images/ui-bg_flat_0_e6e7e8_40x100.png]
[tectonic.kaijuthemes.com/assets/js/images/ui-bg_flat_0_edeef0_40x100.png]
[tectonic.kaijuthemes.com/assets/js/images/ui-bg_flat_0_f7f8fa_40x100.png]
[tectonic.kaijuthemes.com/assets/js/images/ui-bg_flat_0_2b6bd9_40x100.png]
[tectonic.kaijuthemes.com/assets/js/images/ui-bg_glass_95_fef1ec_1x400.png]
[tectonic.kaijuthemes.com/assets/js/images/ui-icons_1a1a1a_256x240.png]
[tectonic.kaijuthemes.com/assets/js/images/ui-icons_ffffff_256x240.png]
[tectonic.kaijuthemes.com/assets/js/images/ui-icons_cd0a0a_256x240.png]
[tectonic.kaijuthemes.com/assets/js/images/ui-bg_flat_0_aaaaaa_40x100.png]
[tectonic.kaijuthemes.com/assets/js/jqueryui.css]
[tectonic.kaijuthemes.com/assets/plugins/charts-chartistjs/chartist.min.css]
[tectonic.kaijuthemes.com/assets/plugins/form-daterangepicker/daterangepicker-bs3.css]
[tectonic.kaijuthemes.com/assets/css/echartsHome.css]
[tectonic.kaijuthemes.com/assets/plugins/switchery/switchery.css]
[tectonic.kaijuthemes.com/index-2.html]
[tectonic.kaijuthemes.com/assets/js/leftbar-mini.js]
[tectonic.kaijuthemes.com/index-small.html]
[tectonic.kaijuthemes.com/index-horizontal.html]
[tectonic.kaijuthemes.com/app-inbox.html]
[tectonic.kaijuthemes.com/assets/demo/stockphoto/blog_02.jpg]
[tectonic.kaijuthemes.com/assets/demo/stockphoto/blog_06.jpg]
[tectonic.kaijuthemes.com/app-inbox-read.html]
[tectonic.kaijuthemes.com/assets/plugins/form-tokenfield/bootstrap-tokenfield.min.js]
[tectonic.kaijuthemes.com/assets/plugins/summernote/dist/summernote.js]
[tectonic.kaijuthemes.com/assets/demo/demo-app-inbox-compose.js]
[tectonic.kaijuthemes.com/app-inbox-compose.html]
[tectonic.kaijuthemes.com/assets/plugins/form-nestable/jquery.nestable.min.js]
[tectonic.kaijuthemes.com/assets/demo/demo-tasks.js]
[tectonic.kaijuthemes.com/app-tasks.html]
[tectonic.kaijuthemes.com/assets/demo/demo-app-todo.js]
[tectonic.kaijuthemes.com/todo.html]
[tectonic.kaijuthemes.com/assets/demo/demo-notes.js]
[tectonic.kaijuthemes.com/app-notes.html]
[tectonic.kaijuthemes.com/assets/less/customizer.less]
[tectonic.kaijuthemes.com/assets/plugins/bootstrap-colorpicker/dist/js/bootstrap-colorpicker.min.js]
[tectonic.kaijuthemes.com/assets/js/less.js]
[tectonic.kaijuthemes.com/customizer.html]
[tectonic.kaijuthemes.com/layout-grids.html]
[tectonic.kaijuthemes.com/leftbar-small.html]
[tectonic.kaijuthemes.com/layout-sidebar-scroll.html]
[tectonic.kaijuthemes.com/layout-static-leftbar.html]
[tectonic.kaijuthemes.com/layout-infobar-offcanvas.html]
[tectonic.kaijuthemes.com/layout-infobar-overlay.html]
[tectonic.kaijuthemes.com/layout-page-heading.html]
[tectonic.kaijuthemes.com/layout-page-tabs.html]
[tectonic.kaijuthemes.com/layout-page-tabs-breadcrumb.html]
[tectonic.kaijuthemes.com/layout-aside-both.html]
[tectonic.kaijuthemes.com/layout-fullheight-content.html]
[tectonic.kaijuthemes.com/layout-fullheight-panel.html]
[tectonic.kaijuthemes.com/leftbar-horizontal.html]
[tectonic.kaijuthemes.com/leftbar-search.html]
[tectonic.kaijuthemes.com/leftbar-userinfo.html]
[tectonic.kaijuthemes.com/leftbar-sparklines.html]
[tectonic.kaijuthemes.com/leftbar-medialist.html]
[tectonic.kaijuthemes.com/assets/demo/demo-jstree.js]
[tectonic.kaijuthemes.com/leftbar-treeview.html]
[tectonic.kaijuthemes.com/assets/demo/avatar/2.jpg]
[tectonic.kaijuthemes.com/assets/demo/avatar/1.jpg]
[tectonic.kaijuthemes.com/assets/demo/avatar/5.jpg]
[tectonic.kaijuthemes.com/assets/demo/avatar/8.jpg]
[tectonic.kaijuthemes.com/assets/demo/avatar/avatar_10.png]
[tectonic.kaijuthemes.com/assets/demo/avatar/avatar_12.png]
[tectonic.kaijuthemes.com/rightbar-chat.html]
[tectonic.kaijuthemes.com/rightbar-medialist.html]
[tectonic.kaijuthemes.com/rightbar-sparklines.html]
[tectonic.kaijuthemes.com/assets/img/logo-white.png]
[tectonic.kaijuthemes.com/topnav-search.html]
[tectonic.kaijuthemes.com/topnav-overlay.html]
[tectonic.kaijuthemes.com/topnav-language.html]
[tectonic.kaijuthemes.com/ui-typography.html]
[tectonic.kaijuthemes.com/ui-buttons.html]
[tectonic.kaijuthemes.com/assets/demo/stockphoto/music_02.jpg]
[tectonic.kaijuthemes.com/ui-modals.html]
[tectonic.kaijuthemes.com/ui-progress.html]
[tectonic.kaijuthemes.com/ui-paginations.html]
[tectonic.kaijuthemes.com/ui-breadcrumbs.html]
[tectonic.kaijuthemes.com/ui-labelsbadges.html]
[tectonic.kaijuthemes.com/assets/demo/demo-alerts.js]
[tectonic.kaijuthemes.com/ui-alerts.html]
[tectonic.kaijuthemes.com/ui-tabs.html]
[tectonic.kaijuthemes.com/ui-wells.html]
[tectonic.kaijuthemes.com/ui-helpers.html]
[tectonic.kaijuthemes.com/assets/demo/images/thmb_arch_building.jpg]
[tectonic.kaijuthemes.com/assets/demo/images/thmb_ind_code.jpg]
[tectonic.kaijuthemes.com/assets/demo/images/thmb_nature_mossytree.jpg]
[tectonic.kaijuthemes.com/assets/demo/images/arch_fountain.jpg]
[tectonic.kaijuthemes.com/assets/demo/stockphoto/blog_04.jpg]
[tectonic.kaijuthemes.com/assets/demo/stockphoto/blog_08.jpg]
[tectonic.kaijuthemes.com/ui-imagecarousel.html]
[tectonic.kaijuthemes.com/ui-tables.html]
[tectonic.kaijuthemes.com/ui-forms.html]
[tectonic.kaijuthemes.com/assets/demo/demo-ui-tiles.js]
[tectonic.kaijuthemes.com/ui-tiles.html]
[tectonic.kaijuthemes.com/ui-panels.html]
[tectonic.kaijuthemes.com/ui-fa-icons.html]
[tectonic.kaijuthemes.com/ui-ion-icons.html]
[tectonic.kaijuthemes.com/assets/plugins/selectizejs/selectize.js]
[tectonic.kaijuthemes.com/assets/plugins/selectizejs/index.js]
[tectonic.kaijuthemes.com/assets/plugins/selectizejs/demo.js]
[tectonic.kaijuthemes.com/selectize.html]
[tectonic.kaijuthemes.com/assets/demo/avatar/6.jpg]
[tectonic.kaijuthemes.com/assets/demo/avatar/7.jpg]
[tectonic.kaijuthemes.com/assets/demo/avatar/4.jpg]
[tectonic.kaijuthemes.com/assets/plugins/animation/loader/jquery.faloading-0.2.min.js]
[tectonic.kaijuthemes.com/assets/plugins/animation/loader/src/js/HoldOn.js]
[tectonic.kaijuthemes.com/assets/plugins/animation/loader/dist/jquery.spindle.js]
[tectonic.kaijuthemes.com/assets/plugins/animation/loader/dist/spin.min.js]
[tectonic.kaijuthemes.com/assets/plugins/animation/loader/dist/ladda.min.js]
[tectonic.kaijuthemes.com/assets/plugins/animation/loader/dist/Overlay.min.js]
[tectonic.kaijuthemes.com/assets/plugins/animation/loader/dist/demo-loader.js]
[tectonic.kaijuthemes.com/components-animation-loader.html]
[tectonic.kaijuthemes.com/assets/plugins/progress-skylo/skylo.js]
[tectonic.kaijuthemes.com/assets/demo/demo-custom-skylo.js]
[tectonic.kaijuthemes.com/custom-skylo.html]
[tectonic.kaijuthemes.com/assets/demo/demo-modals.js]
[tectonic.kaijuthemes.com/custom-bootbox.html]
[tectonic.kaijuthemes.com/assets/plugins/bootstrap-datepicker/bootstrap-datepicker.js]
[tectonic.kaijuthemes.com/custom-datepaginator.html]
[tectonic.kaijuthemes.com/assets/plugins/toast/js/toastr.js]
[tectonic.kaijuthemes.com/assets/demo/toast/demo-toast.js]
[tectonic.kaijuthemes.com/notification-toast.html]
[tectonic.kaijuthemes.com/assets/plugins/jquery-notific8/jquery.notific8.js]
[tectonic.kaijuthemes.com/assets/demo/demo-custom-notific8.js]
[tectonic.kaijuthemes.com/notification-notific8.html]
[tectonic.kaijuthemes.com/notification-pulsate.html]
[tectonic.kaijuthemes.com/slider-knob.html]
[tectonic.kaijuthemes.com/assets/plugins/Ion.RangeSlider/js/ion-rangeSlider/ion.rangeSlider.min.js]
[tectonic.kaijuthemes.com/assets/demo/demo-custom-ionrange.js]
[tectonic.kaijuthemes.com/slider-ionrange.html]
[tectonic.kaijuthemes.com/assets/plugins/nouislider/js/nouislider.min.js]
[tectonic.kaijuthemes.com/assets/plugins/nouislider/js/demo-nouislider.js]
[tectonic.kaijuthemes.com/slider-noui.html]
[tectonic.kaijuthemes.com/assets/demo/demo-nestable.js]
[tectonic.kaijuthemes.com/list-nestable.html]
[tectonic.kaijuthemes.com/list-jstree.html]
[tectonic.kaijuthemes.com/assets/plugins/bootstro.js/bootstro.min.js]
[tectonic.kaijuthemes.com/assets/demo/demo-tour.js]
[tectonic.kaijuthemes.com/custom-tour.html]
[tectonic.kaijuthemes.com/assets/plugins/gmaps/gmaps.js]
[tectonic.kaijuthemes.com/assets/demo/demo-gmaps.js]
[tectonic.kaijuthemes.com/assets/plugins/location-picker/dist/locationpicker.jquery.min.js]
[tectonic.kaijuthemes.com/assets/demo/demo-location-picker.js]
[tectonic.kaijuthemes.com/maps-google.html]
[tectonic.kaijuthemes.com/assets/plugins/jqvmap/jquery.vmap.min.js]
[tectonic.kaijuthemes.com/assets/plugins/jqvmap/maps/jquery.vmap.world.js]
[tectonic.kaijuthemes.com/assets/plugins/jqvmap/maps/jquery.vmap.europe.js]
[tectonic.kaijuthemes.com/assets/plugins/jqvmap/maps/jquery.vmap.usa.js]
[tectonic.kaijuthemes.com/assets/plugins/jqvmap/maps/jquery.vmap.germany.js]
[tectonic.kaijuthemes.com/assets/plugins/jqvmap/maps/jquery.vmap.russia.js]
[tectonic.kaijuthemes.com/assets/plugins/jqvmap/maps/jquery.vmap.france.js]
[tectonic.kaijuthemes.com/assets/plugins/jqvmap/maps/jquery.vmap.algeria.js]
[tectonic.kaijuthemes.com/assets/plugins/jqvmap/data/jquery.vmap.sampledata.js]
[tectonic.kaijuthemes.com/assets/demo/demos-jqvmap.js]
[tectonic.kaijuthemes.com/maps-vector.html]
[tectonic.kaijuthemes.com/assets/plugins/jQuery-Mapael/js/maps/usa_states.js]
[tectonic.kaijuthemes.com/assets/demo/demo-mapael.js]
[tectonic.kaijuthemes.com/maps-mapael.html]
[tectonic.kaijuthemes.com/assets/plugins/card/lib/js/card.js]
[tectonic.kaijuthemes.com/assets/plugins/jquery-chained/jquery.chained.min.js]
[tectonic.kaijuthemes.com/assets/demo/demo-formcomponents.js]
[tectonic.kaijuthemes.com/form-switches.html]
[tectonic.kaijuthemes.com/assets/plugins/clockface/js/clockface.js]
[tectonic.kaijuthemes.com/assets/plugins/bootstrap-timepicker/bootstrap-timepicker.js]
[tectonic.kaijuthemes.com/assets/plugins/bootstrap-datetimepicker/js/bootstrap-datetimepicker.js]
[tectonic.kaijuthemes.com/assets/demo/demo-pickers.js]
[tectonic.kaijuthemes.com/form-pickers.html]
[tectonic.kaijuthemes.com/form-jquery-widgets.html]
[tectonic.kaijuthemes.com/assets/plugins/wizard/circular-wizard/js/wizard.js]
[tectonic.kaijuthemes.com/assets/plugins/wizard/x-wizard/js/jquery.bootstrap.wizard.js]
[tectonic.kaijuthemes.com/assets/plugins/wizard/x-wizard/js/jquery.validate.min.js]
[tectonic.kaijuthemes.com/assets/plugins/wizard/x-wizard/js/wizard.js]
[tectonic.kaijuthemes.com/assets/plugins/wizard/x-wizard/js/jquery-birthday-picker.min.js]
[tectonic.kaijuthemes.com/circular-wizard.html]
[tectonic.kaijuthemes.com/assets/plugins/form-validation/jquery.validate.min.js]
[tectonic.kaijuthemes.com/assets/plugins/form-stepy/jquery.stepy.js]
[tectonic.kaijuthemes.com/assets/demo/demo-formwizard.js]
[tectonic.kaijuthemes.com/simple-wizard.html]
[tectonic.kaijuthemes.com/assets/plugins/form-multiselect/js/jquery.multi-select.min.js]
[tectonic.kaijuthemes.com/assets/plugins/quicksearch/jquery.quicksearch.min.js]
[tectonic.kaijuthemes.com/assets/plugins/form-typeahead/typeahead.bundle.min.js]
[tectonic.kaijuthemes.com/assets/plugins/select2/js/select2.full.min.js]
[tectonic.kaijuthemes.com/assets/plugins/form-autosize/jquery.autosize-min.js]
[tectonic.kaijuthemes.com/assets/plugins/bootstrap-touchspin/dist/jquery.bootstrap-touchspin.js]
[tectonic.kaijuthemes.com/assets/plugins/form-fseditor/jquery.fseditor-min.js]
[tectonic.kaijuthemes.com/assets/plugins/form-jasnyupload/fileinput.min.js]
[tectonic.kaijuthemes.com/form-components.html]
[tectonic.kaijuthemes.com/assets/plugins/form-parsley/parsley.js]
[tectonic.kaijuthemes.com/assets/demo/demo-formvalidation.js]
[tectonic.kaijuthemes.com/form-validation.html]
[tectonic.kaijuthemes.com/assets/plugins/form-inputmask/jquery.inputmask.bundle.min.js]
[tectonic.kaijuthemes.com/assets/demo/demo-mask.js]
[tectonic.kaijuthemes.com/form-masks.html]
[tectonic.kaijuthemes.com/assets/plugins/selectBoxIt/js/jquery.selectBoxIt.min.js]
[tectonic.kaijuthemes.com/assets/plugins/multi-select/js/multiple-select.js]
[tectonic.kaijuthemes.com/assets/plugins/select2/js/select2.min.js]
[tectonic.kaijuthemes.com/form-select.html]
[cdn.jsdelivr.net/bootstrap.selectsplitter/0.1.2/bootstrap-selectsplitter.min.js]
[tectonic.kaijuthemes.com/assets/plugins/dropzone/dropzone.min.js]
[tectonic.kaijuthemes.com/form-dropzone.html]
[tectonic.kaijuthemes.com/assets/plugins/form-ckeditor/ckeditor.js]
[tectonic.kaijuthemes.com/form-ckeditor.html]
[tectonic.kaijuthemes.com/form-summernote.html]
[tectonic.kaijuthemes.com/assets/plugins/form-pagedown/js/jquery.pagedown-bootstrap.combined.js]
[tectonic.kaijuthemes.com/form-markdown.html]
[tectonic.kaijuthemes.com/assets/plugins/form-xeditable/bootstrap3-editable/js/bootstrap-editable.js]
[tectonic.kaijuthemes.com/assets/demo/demo-xeditable.js]
[tectonic.kaijuthemes.com/form-xeditable.html]
[tectonic.kaijuthemes.com/assets/plugins/jcrop/js/jquery.Jcrop.min.js]
[tectonic.kaijuthemes.com/assets/demo/demo-imagecrop.js]
[tectonic.kaijuthemes.com/form-imagecrop.html]
[tectonic.kaijuthemes.com/assets/plugins/gridforms/gridforms/gridforms.js]
[tectonic.kaijuthemes.com/form-gridforms.html]
[upload.wikimedia.org/wikipedia/en/thumb/a/a4/Flag_of_the_United_States.svg/23px-Flag_of_the_United_States.svg.png]
[upload.wikimedia.org/wikipedia/en/thumb/9/9e/Flag_of_Japan.svg/23px-Flag_of_Japan.svg.png]
[upload.wikimedia.org/wikipedia/en/thumb/a/ae/Flag_of_the_United_Kingdom.svg/23px-Flag_of_the_United_Kingdom.svg.png]
[upload.wikimedia.org/wikipedia/en/thumb/b/ba/Flag_of_Germany.svg/23px-Flag_of_Germany.svg.png]
[upload.wikimedia.org/wikipedia/en/thumb/0/03/Flag_of_Italy.svg/23px-Flag_of_Italy.svg.png]
[upload.wikimedia.org/wikipedia/en/thumb/4/41/Flag_of_India.svg/23px-Flag_of_India.svg.png]
[upload.wikimedia.org/wikipedia/en/thumb/c/c3/Flag_of_France.svg/23px-Flag_of_France.svg.png]
[upload.wikimedia.org/wikipedia/en/thumb/9/9a/Flag_of_Spain.svg/23px-Flag_of_Spain.svg.png]
[upload.wikimedia.org/wikipedia/en/thumb/0/05/Flag_of_Brazil.svg/22px-Flag_of_Brazil.svg.png]
[upload.wikimedia.org/wikipedia/en/thumb/c/cf/Flag_of_Canada.svg/23px-Flag_of_Canada.svg.png]
[tectonic.kaijuthemes.com/tables-responsive.html]
[tectonic.kaijuthemes.com/assets/plugins/datatables/jquery.dataTables.js]
[tectonic.kaijuthemes.com/assets/plugins/datatables/TableTools.js]
[tectonic.kaijuthemes.com/assets/plugins/jquery-editable/jquery.editable.js]
[tectonic.kaijuthemes.com/assets/plugins/datatables/dataTables.editor.js]
[tectonic.kaijuthemes.com/assets/plugins/datatables/dataTables.editor.bootstrap.js]
[tectonic.kaijuthemes.com/assets/plugins/datatables/dataTables.bootstrap.js]
[tectonic.kaijuthemes.com/assets/demo/demo-tableeditable.js]
[tectonic.kaijuthemes.com/tables-editable.html]
[tectonic.kaijuthemes.com/assets/plugins/tables-fixedheader/js/dataTables.fixedHeader.js]
[tectonic.kaijuthemes.com/assets/demo/demo-fixedheadertables.js]
[tectonic.kaijuthemes.com/assets/demo/demo-ajaxtables.js]
[tectonic.kaijuthemes.com/tables-ajax.html]
[tectonic.kaijuthemes.com/assets/demo/demo-datatables.js]
[tectonic.kaijuthemes.com/tables-data.html]
[tectonic.kaijuthemes.com/tables-fixedheader.html]
[tectonic.kaijuthemes.com/assets/plugins/jsgrid/js/db.js]
[tectonic.kaijuthemes.com/assets/plugins/jsgrid/js/src/jsgrid.core.js]
[tectonic.kaijuthemes.com/assets/plugins/jsgrid/js/src/jsgrid.load-indicator.js]
[tectonic.kaijuthemes.com/assets/plugins/jsgrid/js/src/jsgrid.load-strategies.js]
[tectonic.kaijuthemes.com/assets/plugins/jsgrid/js/src/jsgrid.sort-strategies.js]
[tectonic.kaijuthemes.com/assets/plugins/jsgrid/js/src/jsgrid.field.js]
[tectonic.kaijuthemes.com/assets/plugins/jsgrid/js/src/fields/jsgrid.field.text.js]
[tectonic.kaijuthemes.com/assets/plugins/jsgrid/js/src/fields/jsgrid.field.number.js]
[tectonic.kaijuthemes.com/assets/plugins/jsgrid/js/src/fields/jsgrid.field.select.js]
[tectonic.kaijuthemes.com/assets/plugins/jsgrid/js/src/fields/jsgrid.field.checkbox.js]
[tectonic.kaijuthemes.com/assets/plugins/jsgrid/js/src/fields/jsgrid.field.control.js]
[tectonic.kaijuthemes.com/assets/plugins/jsgrid/js/demo-jsgrid.js]
[tectonic.kaijuthemes.com/tables-jsgrid.html]
[tectonic.kaijuthemes.com/ui-advancedpanels.html]
[tectonic.kaijuthemes.com/assets/demo/demo-flotgraph.js]
[tectonic.kaijuthemes.com/charts-flot.html]
[tectonic.kaijuthemes.com/assets/demo/demo-inlinecharts.js]
[tectonic.kaijuthemes.com/charts-sparklines.html]
[tectonic.kaijuthemes.com/assets/demo/demo-chartjs.js]
[tectonic.kaijuthemes.com/charts-chart.html]
[tectonic.kaijuthemes.com/assets/demo/demo-charts-easypiechart.js]
[tectonic.kaijuthemes.com/charts-easypiechart.html]
[tectonic.kaijuthemes.com/all-echart.html]
[tectonic.kaijuthemes.com/assets/js/codemirror.js]
[tectonic.kaijuthemes.com/assets/js/echartsExample.js]
[tectonic.kaijuthemes.com/charts-echarts-datarange.html]
[tectonic.kaijuthemes.com/charts-echarts-datazoom.html]
[tectonic.kaijuthemes.com/charts-echarts-force.html]
[tectonic.kaijuthemes.com/charts-echarts-lasagna.html]
[tectonic.kaijuthemes.com/charts-echarts-mix.html]
[tectonic.kaijuthemes.com/charts-echarts-pie.html]
[tectonic.kaijuthemes.com/charts-echarts-scatter.html]
[tectonic.kaijuthemes.com/charts-echarts-map.html]
[tectonic.kaijuthemes.com/charts-echarts-map2.html]
[tectonic.kaijuthemes.com/charts-echarts-line1.html]
[tectonic.kaijuthemes.com/charts-echarts-line2.html]
[tectonic.kaijuthemes.com/assets/plugins/c3-chart/js/c3.js]
[d3js.org/d3.v3.min.js]
[tectonic.kaijuthemes.com/assets/demo/c3-chart/axis-chart.js]
[tectonic.kaijuthemes.com/charts-c3charts-axis.html]
[tectonic.kaijuthemes.com/assets/demo/c3-chart/area-chart.js]
[tectonic.kaijuthemes.com/charts-c3charts-area.html]
[tectonic.kaijuthemes.com/assets/demo/c3-chart/spline-pie.js]
[tectonic.kaijuthemes.com/charts-c3charts-spline-pie.html]
[www.amcharts.com/lib/3/amcharts.js]
[www.amcharts.com/lib/3/themes/light.js]
[tectonic.kaijuthemes.com/assets/demo/amchart/column-bar.js]
[tectonic.kaijuthemes.com/charts-amcharts-column-bar.html]
[tectonic.kaijuthemes.com/assets/demo/amchart/line-area.js]
[tectonic.kaijuthemes.com/charts-amcharts-line-area.html]
[www.amcharts.com/lib/3/amstock.js]
[tectonic.kaijuthemes.com/assets/demo/amchart/stack-exchange.js]
[tectonic.kaijuthemes.com/charts-amcharts-stack-exchange.html]
[www.amcharts.com/lib/3/ammap.js]
[www.amcharts.com/lib/3/maps/js/worldLow.js]
[www.amcharts.com/lib/3/themes/dark.js]
[tectonic.kaijuthemes.com/assets/demo/amchart/map.js]
[tectonic.kaijuthemes.com/charts-amcharts-map.html]
[tectonic.kaijuthemes.com/assets/plugins/gridlayout/layout1/js/modernizr.custom.js]
[tectonic.kaijuthemes.com/assets/plugins/gridlayout/layout1/js/classie.js]
[tectonic.kaijuthemes.com/assets/plugins/gridlayout/layout1/js/elastic_grid.min.js]
[tectonic.kaijuthemes.com/assets/demo/gridlayout/layout1.js]
[tectonic.kaijuthemes.com/assets/plugins/shufflejs/modernizr.custom.min.js]
[tectonic.kaijuthemes.com/assets/plugins/shufflejs/jquery.shuffle.min.js]
[tectonic.kaijuthemes.com/gallery-elastic.html]
[tectonic.kaijuthemes.com/assets/img/ihover/1.jpg]
[tectonic.kaijuthemes.com/assets/img/ihover/2.jpg]
[tectonic.kaijuthemes.com/assets/img/ihover/3.jpg]
[tectonic.kaijuthemes.com/assets/img/ihover/4.jpg]
[tectonic.kaijuthemes.com/assets/img/ihover/5.jpg]
[tectonic.kaijuthemes.com/assets/img/ihover/6.jpg]
[tectonic.kaijuthemes.com/assets/img/ihover/7.jpg]
[tectonic.kaijuthemes.com/assets/img/ihover/8.jpg]
[tectonic.kaijuthemes.com/assets/img/ihover/9.jpg]
[tectonic.kaijuthemes.com/gallery-hover-square-ihover.html]
[tectonic.kaijuthemes.com/assets/plugins/kartik-file-uploader/js/fileinput.min.js]
[tectonic.kaijuthemes.com/assets/demo/kartik-file-uploader/data.js]
[tectonic.kaijuthemes.com/assets/plugins/dropzone/dropzone.js]
[tectonic.kaijuthemes.com/file-uploader.html]
[tectonic.kaijuthemes.com/assets/plugins/fullcalendar/fullcalendar.min.js]
[tectonic.kaijuthemes.com/assets/demo/demo-calendar.js]
[tectonic.kaijuthemes.com/calendar-fullcalendarv1.html]
[fullcalendar.io/js/fullcalendar-2.6.0/lib/moment.min.js]
[fullcalendar.io/js/fullcalendar-2.6.0/lib/jquery-ui.custom.min.js]
[fullcalendar.io/js/fullcalendar-2.6.0/gcal.js]
[tectonic.kaijuthemes.com/assets/demo/fullcalendarv2/js/demo-fullcalendarv2.js]
[tectonic.kaijuthemes.com/calendar-fullcalendarv2.html]
[tectonic.kaijuthemes.com/extras-pricingtable.html]
[tectonic.kaijuthemes.com/assets/demo/avatar/avatar_11.png]
[tectonic.kaijuthemes.com/extras-search.html]
[tectonic.kaijuthemes.com/assets/less/demo-invoice.less]
[haciendaelrefugio.files.wordpress.com/2013/04/jim-signature.png]
[tectonic.kaijuthemes.com/extras-invoice.html]
[tectonic.kaijuthemes.com/extras-login.html]
[tectonic.kaijuthemes.com/assets/less/user-card.less]
[tectonic.kaijuthemes.com/assets/demo/avatar/3.jpg]
[tectonic.kaijuthemes.com/user-card.html]
[tectonic.kaijuthemes.com/assets/plugins/countdown/countdown.js]
[tectonic.kaijuthemes.com/coming-soon.html]
[tectonic.kaijuthemes.com/extras-blank.html]
[tectonic.kaijuthemes.com/extras-registration.html]
[tectonic.kaijuthemes.com/extras-forgotpassword.html]
[tectonic.kaijuthemes.com/extras-404.html]
[tectonic.kaijuthemes.com/extras-500.html]
[tectonic.kaijuthemes.com/assets/fonts/font-awesome/fonts/fontawesome-webfont78ce.svg]
[tectonic.kaijuthemes.com/assets/fonts/ionicons/fonts/ionicons28b5.svg]
[tectonic.kaijuthemes.com/assets/fonts/elegant-icons/fonts/ElegantIcons.svg]
[tectonic.kaijuthemes.com/assets/demo/stockphoto/kijil.jpg]
[tectonic.kaijuthemes.com/assets/demo/stockphoto/ajul.jpg]
[tectonic.kaijuthemes.com/assets/fonts/artill/artill_clean_icons-webfont.html]
[tectonic.kaijuthemes.com/assets/img/icon-bar.html]
[tectonic.kaijuthemes.com/assets/plugins/form-tokenfield/bootstrap-tokenfield.css]
[tectonic.kaijuthemes.com/assets/plugins/summernote/dist/summernote.css]
[tectonic.kaijuthemes.com/app-inbox-2.html]
[tectonic.kaijuthemes.com/assets/plugins/form-nestable/jquery.nestable.css]
[tectonic.kaijuthemes.com/assets/plugins/bootstrap-colorpicker/dist/img/bootstrap-colorpicker/saturation.png]
[tectonic.kaijuthemes.com/assets/plugins/bootstrap-colorpicker/dist/img/bootstrap-colorpicker/hue.png]
[tectonic.kaijuthemes.com/assets/plugins/bootstrap-colorpicker/dist/img/bootstrap-colorpicker/alpha.png]
[tectonic.kaijuthemes.com/assets/plugins/bootstrap-colorpicker/dist/img/bootstrap-colorpicker/hue-horizontal.png]
[tectonic.kaijuthemes.com/assets/plugins/bootstrap-colorpicker/dist/img/bootstrap-colorpicker/alpha-horizontal.png]
[tectonic.kaijuthemes.com/assets/plugins/bootstrap-colorpicker/dist/css/bootstrap-colorpicker.min.css]
[tectonic.kaijuthemes.com/layout-aside-left.html]
[tectonic.kaijuthemes.com/layout-aside-right.html]
[tectonic.kaijuthemes.com/assets/js/jquery.layout.min.js]
[tectonic.kaijuthemes.com/fixed-leftbar.html]
[tectonic.kaijuthemes.com/layout-page-tabs-profile.html]
[tectonic.kaijuthemes.com/rightbar-activities.html]
[tectonic.kaijuthemes.com/leftbar-overlay.html]
[tectonic.kaijuthemes.com/assets/plugins/smartmenus/jquery.smartmenus.js]
[tectonic.kaijuthemes.com/assets/plugins/smartmenus/addons/bootstrap/jquery.smartmenus.bootstrap.js]
[tectonic.kaijuthemes.com/layout-horizontal-small.html]
[tectonic.kaijuthemes.com/layout-horizontal-large.html]
[tectonic.kaijuthemes.com/custom-jqueryui.html]
[tectonic.kaijuthemes.com/assets/plugins/pines-notify/pnotify.min.js]
[tectonic.kaijuthemes.com/notification-pines.html]
[tectonic.kaijuthemes.com/assets/plugins/simpleWeather/jquery.simpleWeather.min.js]
[tectonic.kaijuthemes.com/assets/demo/demo-custom-weather.js]
[tectonic.kaijuthemes.com/assets/plugins/simpleWeather/weather.js]
[tectonic.kaijuthemes.com/custom-weather.html]
[tectonic.kaijuthemes.com/assets/plugins/wizard/x-wizard/img/default-avatar.png]
[tectonic.kaijuthemes.com/x-wizard.html]
[tectonic.kaijuthemes.com/form-wizard.html]
[tectonic.kaijuthemes.com/assets/demo/stockphoto/communication_02.jpg]
[tectonic.kaijuthemes.com/assets/demo/stockphoto/beauty_06.jpg]
[tectonic.kaijuthemes.com/assets/demo/stockphoto/music_04.jpg]
[tectonic.kaijuthemes.com/assets/demo/stockphoto/music_01.jpg]
[tectonic.kaijuthemes.com/assets/demo/stockphoto/music_06.jpg]
[tectonic.kaijuthemes.com/assets/demo/stockphoto/music_12.jpg]
[tectonic.kaijuthemes.com/assets/demo/stockphoto/music_08.jpg]
[tectonic.kaijuthemes.com/assets/demo/stockphoto/communication_09.jpg]
[tectonic.kaijuthemes.com/assets/demo/stockphoto/music_10.jpg]
[tectonic.kaijuthemes.com/assets/demo/stockphoto/beauty_10.jpg]
[tectonic.kaijuthemes.com/assets/demo/stockphoto/portfolio_02.jpg]
[tectonic.kaijuthemes.com/assets/demo/stockphoto/portfolio_06.jpg]
[tectonic.kaijuthemes.com/assets/demo/stockphoto/music_11.jpg]
[tectonic.kaijuthemes.com/assets/demo/demo-extras-gallery.js]
[tectonic.kaijuthemes.com/gallery-shufflejs.html]
[tectonic.kaijuthemes.com/extras-pricingtable2.html]
[tectonic.kaijuthemes.com/extras-pricingtable3.html]
[tectonic.kaijuthemes.com/assets/demo/avatar/avatar_13.png]
[tectonic.kaijuthemes.com/assets/demo/avatar/avatar_08.png]
[tectonic.kaijuthemes.com/extras-messages.html]
[tectonic.kaijuthemes.com/assets/demo/stockphoto/blog_05.jpg]
[tectonic.kaijuthemes.com/extras-timeline.html]
[tectonic.kaijuthemes.com/extras-chatroom.html]
[tectonic.kaijuthemes.com/extras-invoice1.html]
[tectonic.kaijuthemes.com/assets/less/search.less]
[tectonic.kaijuthemes.com/search1.html]
[tectonic.kaijuthemes.com/search2.html]
[tectonic.kaijuthemes.com/extras-faq.html]
[tectonic.kaijuthemes.com/assets/plugins/jstree/dist/themes/tectonic/style.min.css]
[tectonic.kaijuthemes.com/ui-icons.html]
[tectonic.kaijuthemes.com/assets/plugins/pines-notify/jquery.pnotify.default.html]
[tectonic.kaijuthemes.com/assets/plugins/pines-notify/jquery.pnotify.min.html]
[tectonic.kaijuthemes.com/scaffolding-grids.html]
[tectonic.kaijuthemes.com/assets/plugins/animation/loader/jquery.faloading.min.css]
[tectonic.kaijuthemes.com/assets/plugins/animation/loader/src/css/HoldOn.css]
[tectonic.kaijuthemes.com/assets/plugins/animation/loader/dist/jquery.spindle.css]
[tectonic.kaijuthemes.com/assets/plugins/animation/loader/dist/demo.css]
[tectonic.kaijuthemes.com/assets/plugins/animation/loader/dist/ladda.min.css]
[tectonic.kaijuthemes.com/assets/plugins/animation/loader/dist/Overlay.min.css]
[tectonic.kaijuthemes.com/assets/plugins/progress-skylo/skylo.css]
[tectonic.kaijuthemes.com/assets/plugins/datepaginator/bootstrap-datepaginator.html]
[tectonic.kaijuthemes.com/assets/plugins/bootstrap-datepaginator/bootstrap-datepaginator.html]
[tectonic.kaijuthemes.com/assets/plugins/toast/css/toastr.css]
[tectonic.kaijuthemes.com/assets/plugins/jquery-notific8/jquery.notific8.css]
[tectonic.kaijuthemes.com/assets/plugins/Ion.RangeSlider/css/ion.rangeSlider.css]
[tectonic.kaijuthemes.com/assets/plugins/Ion.RangeSlider/img/sprite-skin-nice.png]
[tectonic.kaijuthemes.com/assets/plugins/Ion.RangeSlider/css/ion.rangeSlider.skinNice.css]
[tectonic.kaijuthemes.com/assets/plugins/nouislider/css/nouislider.min.css]
[tectonic.kaijuthemes.com/assets/plugins/bootstro.js/bootstro.min.css]
[tectonic.kaijuthemes.com/assets/plugins/jqvmap/jqvmap.css]
[tectonic.kaijuthemes.com/assets/plugins/iCheck/skins/minimal/minimal.png]
[tectonic.kaijuthemes.com/assets/plugins/iCheck/skins/minimal/minimal@2x.png]
[tectonic.kaijuthemes.com/assets/plugins/iCheck/skins/minimal/red.png]
[tectonic.kaijuthemes.com/assets/plugins/iCheck/skins/minimal/red@2x.png]
[tectonic.kaijuthemes.com/assets/plugins/iCheck/skins/minimal/green.png]
[tectonic.kaijuthemes.com/assets/plugins/iCheck/skins/minimal/green@2x.png]
[tectonic.kaijuthemes.com/assets/plugins/iCheck/skins/minimal/aero.png]
[tectonic.kaijuthemes.com/assets/plugins/iCheck/skins/minimal/aero@2x.png]
[tectonic.kaijuthemes.com/assets/plugins/iCheck/skins/minimal/grey.png]
[tectonic.kaijuthemes.com/assets/plugins/iCheck/skins/minimal/grey@2x.png]
[tectonic.kaijuthemes.com/assets/plugins/iCheck/skins/minimal/orange.png]
[tectonic.kaijuthemes.com/assets/plugins/iCheck/skins/minimal/orange@2x.png]
[tectonic.kaijuthemes.com/assets/plugins/iCheck/skins/minimal/yellow.png]
[tectonic.kaijuthemes.com/assets/plugins/iCheck/skins/minimal/yellow@2x.png]
[tectonic.kaijuthemes.com/assets/plugins/iCheck/skins/minimal/pink.png]
[tectonic.kaijuthemes.com/assets/plugins/iCheck/skins/minimal/pink@2x.png]
[tectonic.kaijuthemes.com/assets/plugins/iCheck/skins/minimal/purple.png]
[tectonic.kaijuthemes.com/assets/plugins/iCheck/skins/minimal/purple@2x.png]
[tectonic.kaijuthemes.com/assets/plugins/iCheck/skins/minimal/_all.css]
[tectonic.kaijuthemes.com/assets/plugins/iCheck/skins/flat/flat.png]
[tectonic.kaijuthemes.com/assets/plugins/iCheck/skins/flat/flat@2x.png]
[tectonic.kaijuthemes.com/assets/plugins/iCheck/skins/flat/red.png]
[tectonic.kaijuthemes.com/assets/plugins/iCheck/skins/flat/red@2x.png]
[tectonic.kaijuthemes.com/assets/plugins/iCheck/skins/flat/green.png]
[tectonic.kaijuthemes.com/assets/plugins/iCheck/skins/flat/green@2x.png]
[tectonic.kaijuthemes.com/assets/plugins/iCheck/skins/flat/blue.png]
[tectonic.kaijuthemes.com/assets/plugins/iCheck/skins/flat/blue@2x.png]
[tectonic.kaijuthemes.com/assets/plugins/iCheck/skins/flat/aero.png]
[tectonic.kaijuthemes.com/assets/plugins/iCheck/skins/flat/aero@2x.png]
[tectonic.kaijuthemes.com/assets/plugins/iCheck/skins/flat/grey.png]
[tectonic.kaijuthemes.com/assets/plugins/iCheck/skins/flat/grey@2x.png]
[tectonic.kaijuthemes.com/assets/plugins/iCheck/skins/flat/orange.png]
[tectonic.kaijuthemes.com/assets/plugins/iCheck/skins/flat/orange@2x.png]
[tectonic.kaijuthemes.com/assets/plugins/iCheck/skins/flat/yellow.png]
[tectonic.kaijuthemes.com/assets/plugins/iCheck/skins/flat/yellow@2x.png]
[tectonic.kaijuthemes.com/assets/plugins/iCheck/skins/flat/pink.png]
[tectonic.kaijuthemes.com/assets/plugins/iCheck/skins/flat/pink@2x.png]
[tectonic.kaijuthemes.com/assets/plugins/iCheck/skins/flat/purple.png]
[tectonic.kaijuthemes.com/assets/plugins/iCheck/skins/flat/purple@2x.png]
[tectonic.kaijuthemes.com/assets/plugins/iCheck/skins/flat/_all.css]
[tectonic.kaijuthemes.com/assets/plugins/iCheck/skins/square/square.png]
[tectonic.kaijuthemes.com/assets/plugins/iCheck/skins/square/square@2x.png]
[tectonic.kaijuthemes.com/assets/plugins/iCheck/skins/square/red.png]
[tectonic.kaijuthemes.com/assets/plugins/iCheck/skins/square/red@2x.png]
[tectonic.kaijuthemes.com/assets/plugins/iCheck/skins/square/green.png]
[tectonic.kaijuthemes.com/assets/plugins/iCheck/skins/square/green@2x.png]
[tectonic.kaijuthemes.com/assets/plugins/iCheck/skins/square/blue.png]
[tectonic.kaijuthemes.com/assets/plugins/iCheck/skins/square/blue@2x.png]
[tectonic.kaijuthemes.com/assets/plugins/iCheck/skins/square/aero.png]
[tectonic.kaijuthemes.com/assets/plugins/iCheck/skins/square/aero@2x.png]
[tectonic.kaijuthemes.com/assets/plugins/iCheck/skins/square/grey.png]
[tectonic.kaijuthemes.com/assets/plugins/iCheck/skins/square/grey@2x.png]
[tectonic.kaijuthemes.com/assets/plugins/iCheck/skins/square/orange.png]
[tectonic.kaijuthemes.com/assets/plugins/iCheck/skins/square/orange@2x.png]
[tectonic.kaijuthemes.com/assets/plugins/iCheck/skins/square/yellow.png]
[tectonic.kaijuthemes.com/assets/plugins/iCheck/skins/square/yellow@2x.png]
[tectonic.kaijuthemes.com/assets/plugins/iCheck/skins/square/pink.png]
[tectonic.kaijuthemes.com/assets/plugins/iCheck/skins/square/pink@2x.png]
[tectonic.kaijuthemes.com/assets/plugins/iCheck/skins/square/purple.png]
[tectonic.kaijuthemes.com/assets/plugins/iCheck/skins/square/purple@2x.png]
[tectonic.kaijuthemes.com/assets/plugins/iCheck/skins/square/_all.css]
[tectonic.kaijuthemes.com/assets/plugins/clockface/css/clockface.css]
[tectonic.kaijuthemes.com/assets/plugins/select2/css/select2.min.css]
[tectonic.kaijuthemes.com/assets/plugins/form-multiselect/img/switch.png]
[tectonic.kaijuthemes.com/assets/plugins/form-multiselect/css/multi-select.css]
[tectonic.kaijuthemes.com/assets/plugins/form-fseditor/fseditor.css]
[tectonic.kaijuthemes.com/assets/plugins/bootstrap-touchspin/dist/jquery.bootstrap-touchspin.min.css]
[tectonic.kaijuthemes.com/assets/plugins/card/lib/css/card.css]
[tectonic.kaijuthemes.com/assets/plugins/form-colorpicker/js/bootstrap-colorpicker.min.html]
[tectonic.kaijuthemes.com/assets/plugins/selectBoxIt/css/jquery.selectBoxIt.css]
[tectonic.kaijuthemes.com/assets/plugins/selectBoxIt/css/jquery-ui.css]
[tectonic.kaijuthemes.com/assets/plugins/multi-select/css/multiple-select.png]
[tectonic.kaijuthemes.com/assets/plugins/multi-select/css/multiple-select.css]
[tectonic.kaijuthemes.com/assets/plugins/multi-select/css/style.css]
[tectonic.kaijuthemes.com/assets/plugins/dropzone/images/spritemap.png]
[tectonic.kaijuthemes.com/assets/plugins/dropzone/images/spritemap@2x.png]
[tectonic.kaijuthemes.com/assets/plugins/dropzone/css/dropzone.css]
[tectonic.kaijuthemes.com/assets/plugins/form-ckeditor/index.html]
[tectonic.kaijuthemes.com/assets/plugins/form-pagedown/css/jquery.pagedown-bootstrap.css]
[tectonic.kaijuthemes.com/assets/plugins/form-xeditable/bootstrap3-editable/img/loading.gif]
[tectonic.kaijuthemes.com/assets/plugins/form-xeditable/bootstrap3-editable/img/clear.png]
[tectonic.kaijuthemes.com/assets/plugins/form-xeditable/bootstrap3-editable/css/bootstrap-editable.css]
[tectonic.kaijuthemes.com/assets/plugins/jcrop/css/Jcrop.gif]
[tectonic.kaijuthemes.com/assets/plugins/jcrop/css/jquery.Jcrop.min.css]
[tectonic.kaijuthemes.com/assets/plugins/gridforms/gridforms/gridforms.css]
[tectonic.kaijuthemes.com/assets/plugins/datatables/dataTables.bootstrap.css]
[tectonic.kaijuthemes.com/assets/plugins/datatables/dataTables.fontAwesome.css]
[tectonic.kaijuthemes.com/assets/plugins/tables-fixedheader/css/dataTables.fixedHeader.min.css]
[tectonic.kaijuthemes.com/assets/plugins/jsgrid/css/demos.css]
[tectonic.kaijuthemes.com/assets/plugins/jsgrid/css/jsgrid.css]
[tectonic.kaijuthemes.com/assets/plugins/jsgrid/css/icons.png]
[tectonic.kaijuthemes.com/assets/plugins/jsgrid/css/icons-2x.png]
[tectonic.kaijuthemes.com/assets/plugins/jsgrid/css/theme.css]
[tectonic.kaijuthemes.com/assets/css/codemirror.css]
[tectonic.kaijuthemes.com/param.html]
[tectonic.kaijuthemes.com/assets/plugins/c3-chart/css/c3.css]
[tectonic.kaijuthemes.com/assets/plugins/amchart/css/amchart.css]
[tectonic.kaijuthemes.com/assets/plugins/gridlayout/layout1/css/demo.css]
[tectonic.kaijuthemes.com/assets/plugins/gridlayout/layout1/css/elastic_grid.min.css]
[tectonic.kaijuthemes.com/assets/plugins/ihover/css/ihover.css]
[tectonic.kaijuthemes.com/assets/plugins/kartik-file-uploader/css/fileinput.min.css]
[tectonic.kaijuthemes.com/assets/plugins/fullcalendar/fullcalendar.css]
[tectonic.kaijuthemes.com/assets/demo/fullcalendarv2/css/demo-fullcalendarv2.css]
[www.amcharts.com/lib/3/serial.js]
[tectonic.kaijuthemes.com/extras-profile.html]
[tectonic.kaijuthemes.com/assets/fonts/ionicons/css/ionicons.min.css]
[tectonic.kaijuthemes.com/layout-horizontal.html]
[tectonic.kaijuthemes.com/index-3.html]
[tectonic.kaijuthemes.com/layout-horizontal-large-2.html]
[tectonic.kaijuthemes.com/assets/plugins/pines-notify/pnotify.css]
[tectonic.kaijuthemes.com/_http_/upload.wikimedia.org/wikipedia/commons/thumb/e/ec/Happy_smiley_face.png/240px-Happy_smiley_face.html]
[tectonic.kaijuthemes.com/assets/plugins/simpleWeather/weather.css]
[tectonic.kaijuthemes.com/assets/plugins/wizard/x-wizard/css/gsdk-base.css]
[tectonic.kaijuthemes.com/assets/plugins/jstree/dist/themes/Tectonic/style.min.html]
[tectonic.kaijuthemes.com/scroll-leftbar.html]
[fullcalendar.io/js/fullcalendar-2.6.0/fullcalendar.min.js]
[tectonic.kaijuthemes.com/assets/img/gridlayout/layout2/images/1.png]
[tectonic.kaijuthemes.com/assets/img/gridlayout/layout2/images/2.png]
[tectonic.kaijuthemes.com/assets/img/gridlayout/layout2/images/10.png]
[tectonic.kaijuthemes.com/assets/img/gridlayout/layout2/images/4.png]
[tectonic.kaijuthemes.com/assets/img/gridlayout/layout2/images/5.png]
[tectonic.kaijuthemes.com/assets/img/gridlayout/layout2/images/6.png]
[tectonic.kaijuthemes.com/assets/img/gridlayout/layout2/images/7.png]
[tectonic.kaijuthemes.com/assets/img/gridlayout/layout2/images/8.png]
[tectonic.kaijuthemes.com/assets/img/gridlayout/layout2/images/9.png]
[tectonic.kaijuthemes.com/gallery-product.html]
[tectonic.kaijuthemes.com/assets/plugins/selectBoxIt/css/images/ui-bg_flat_75_ffffff_40x100.html]
[tectonic.kaijuthemes.com/assets/plugins/selectBoxIt/css/images/ui-bg_highlight-soft_75_cccccc_1x100.html]
[tectonic.kaijuthemes.com/assets/plugins/selectBoxIt/css/images/ui-bg_glass_75_e6e6e6_1x400.html]
[tectonic.kaijuthemes.com/assets/plugins/selectBoxIt/css/images/ui-bg_glass_75_dadada_1x400.html]
[tectonic.kaijuthemes.com/assets/plugins/selectBoxIt/css/images/ui-bg_glass_65_ffffff_1x400.html]
[tectonic.kaijuthemes.com/assets/plugins/selectBoxIt/css/images/ui-bg_glass_55_fbf9ee_1x400.html]
[tectonic.kaijuthemes.com/assets/plugins/selectBoxIt/css/images/ui-bg_glass_95_fef1ec_1x400.html]
[tectonic.kaijuthemes.com/assets/plugins/selectBoxIt/css/images/ui-icons_222222_256x240.html]
[tectonic.kaijuthemes.com/assets/plugins/selectBoxIt/css/images/ui-icons_888888_256x240.html]
[tectonic.kaijuthemes.com/assets/plugins/selectBoxIt/css/images/ui-icons_454545_256x240.html]
[tectonic.kaijuthemes.com/assets/plugins/selectBoxIt/css/images/ui-icons_2e83ff_256x240.html]
[tectonic.kaijuthemes.com/assets/plugins/selectBoxIt/css/images/ui-icons_cd0a0a_256x240.html]
[tectonic.kaijuthemes.com/assets/plugins/selectBoxIt/css/images/ui-bg_flat_0_aaaaaa_40x100.html]
[tectonic.kaijuthemes.com/assets/plugins/images/sort_both.html]
[tectonic.kaijuthemes.com/assets/plugins/images/sort_asc.html]
[tectonic.kaijuthemes.com/assets/plugins/images/sort_desc.html]
[tectonic.kaijuthemes.com/assets/plugins/images/sort_asc_disabled.html]
[tectonic.kaijuthemes.com/assets/plugins/images/sort_desc_disabled.html]
[tectonic.kaijuthemes.com/assets/plugins/gridlayout/layout1/images/loading.html]
[tectonic.kaijuthemes.com/assets/plugins/gridlayout/layout1/images/nav.html]
[tectonic.kaijuthemes.com/assets/plugins/kartik-file-uploader/img/loading.html]
[tectonic.kaijuthemes.com/assets/plugins/kartik-file-uploader/img/loading-sm.html]
[tectonic.kaijuthemes.com/assets/plugins/localisation/css/localisation.css]
[tectonic.kaijuthemes.com/assets/plugins/gridlayout/layout2/css/demo.html]
[tectonic.kaijuthemes.com/assets/plugins/gridlayout/layout2/css/component.html]
[tectonic.kaijuthemes.com/assets/plugins/gridlayout/layout2/js/modernizr.custom.html]
[tectonic.kaijuthemes.com/assets/plugins/gridlayout/layout2/js/classie.html]
[tectonic.kaijuthemes.com/assets/plugins/gridlayout/layout2/js/main.html]
